<?xml version="1.0" encoding="UTF-8"?>
<testsuite name="com.example.sistemaedu.integration.ProfesorIntegrationTest" tests="4" skipped="0" failures="2" errors="0" timestamp="2024-09-26T01:22:50" hostname="ARCI" time="0.631">
  <properties/>
  <testcase name="testGuardarProfesor_Success()" classname="com.example.sistemaedu.integration.ProfesorIntegrationTest" time="0.609"/>
  <testcase name="testActualizarProfesor_Success()" classname="com.example.sistemaedu.integration.ProfesorIntegrationTest" time="0.01">
    <failure message="java.lang.IllegalArgumentException: El email ya está registrado" type="java.lang.IllegalArgumentException">java.lang.IllegalArgumentException: El email ya está registrado
	at com.example.sistemaedu.logica.ProfesorService.guardarProfesor(ProfesorService.java:20)
	at com.example.sistemaedu.integration.ProfesorIntegrationTest.testActualizarProfesor_Success(ProfesorIntegrationTest.java:52)
	at java.base/java.lang.reflect.Method.invoke(Method.java:580)
	at java.base/java.util.ArrayList.forEach(ArrayList.java:1596)
	at java.base/java.util.ArrayList.forEach(ArrayList.java:1596)
</failure>
  </testcase>
  <testcase name="testGuardarProfesor_EmailDuplicado()" classname="com.example.sistemaedu.integration.ProfesorIntegrationTest" time="0.004">
    <failure message="java.lang.IllegalArgumentException: El email ya está registrado" type="java.lang.IllegalArgumentException">java.lang.IllegalArgumentException: El email ya está registrado
	at com.example.sistemaedu.logica.ProfesorService.guardarProfesor(ProfesorService.java:20)
	at com.example.sistemaedu.integration.ProfesorIntegrationTest.testGuardarProfesor_EmailDuplicado(ProfesorIntegrationTest.java:40)
	at java.base/java.lang.reflect.Method.invoke(Method.java:580)
	at java.base/java.util.ArrayList.forEach(ArrayList.java:1596)
	at java.base/java.util.ArrayList.forEach(ArrayList.java:1596)
</failure>
  </testcase>
  <testcase name="testActualizarProfesor_NoExistente()" classname="com.example.sistemaedu.integration.ProfesorIntegrationTest" time="0.005"/>
  <system-out><![CDATA[20:22:45.616 [Test worker] INFO org.springframework.test.context.support.AnnotationConfigContextLoaderUtils -- Could not detect default configuration classes for test class [com.example.sistemaedu.integration.ProfesorIntegrationTest]: ProfesorIntegrationTest does not declare any static, non-private, non-final, nested classes annotated with @Configuration.
20:22:45.775 [Test worker] INFO org.springframework.boot.test.context.SpringBootTestContextBootstrapper -- Found @SpringBootConfiguration com.example.sistemaedu.SistemaeduApplication for test class com.example.sistemaedu.integration.ProfesorIntegrationTest

  .   ____          _            __ _ _
 /\\ / ___'_ __ _ _(_)_ __  __ _ \ \ \ \
( ( )\___ | '_ | '_| | '_ \/ _` | \ \ \ \
 \\/  ___)| |_)| | | | | || (_| |  ) ) ) )
  '  |____| .__|_| |_|_| |_\__, | / / / /
 =========|_|==============|___/=/_/_/_/

 :: Spring Boot ::                (v3.3.3)

2024-09-25T20:22:46.354-05:00  INFO 26960 --- [sistemaedu] [    Test worker] c.e.s.i.ProfesorIntegrationTest          : Starting ProfesorIntegrationTest using Java 21.0.4 with PID 26960 (started by Arci in C:\Universidad\Arquitectura de Software\SistEducacion\sistemaedu)
2024-09-25T20:22:46.355-05:00  INFO 26960 --- [sistemaedu] [    Test worker] c.e.s.i.ProfesorIntegrationTest          : The following 1 profile is active: "test"
2024-09-25T20:22:46.977-05:00  INFO 26960 --- [sistemaedu] [    Test worker] .s.d.r.c.RepositoryConfigurationDelegate : Bootstrapping Spring Data JPA repositories in DEFAULT mode.
2024-09-25T20:22:47.031-05:00  INFO 26960 --- [sistemaedu] [    Test worker] .s.d.r.c.RepositoryConfigurationDelegate : Finished Spring Data repository scanning in 46 ms. Found 3 JPA repository interfaces.
2024-09-25T20:22:47.614-05:00  INFO 26960 --- [sistemaedu] [    Test worker] o.s.b.w.embedded.tomcat.TomcatWebServer  : Tomcat initialized with port 0 (http)
2024-09-25T20:22:47.638-05:00  INFO 26960 --- [sistemaedu] [    Test worker] o.apache.catalina.core.StandardService   : Starting service [Tomcat]
2024-09-25T20:22:47.638-05:00  INFO 26960 --- [sistemaedu] [    Test worker] o.apache.catalina.core.StandardEngine    : Starting Servlet engine: [Apache Tomcat/10.1.28]
2024-09-25T20:22:47.700-05:00  INFO 26960 --- [sistemaedu] [    Test worker] o.a.c.c.C.[Tomcat].[localhost].[/]       : Initializing Spring embedded WebApplicationContext
2024-09-25T20:22:47.701-05:00  INFO 26960 --- [sistemaedu] [    Test worker] w.s.c.ServletWebServerApplicationContext : Root WebApplicationContext: initialization completed in 1324 ms
2024-09-25T20:22:47.903-05:00  INFO 26960 --- [sistemaedu] [    Test worker] o.hibernate.jpa.internal.util.LogHelper  : HHH000204: Processing PersistenceUnitInfo [name: default]
2024-09-25T20:22:47.980-05:00  INFO 26960 --- [sistemaedu] [    Test worker] org.hibernate.Version                    : HHH000412: Hibernate ORM core version 6.5.2.Final
2024-09-25T20:22:48.025-05:00  INFO 26960 --- [sistemaedu] [    Test worker] o.h.c.internal.RegionFactoryInitiator    : HHH000026: Second-level cache disabled
2024-09-25T20:22:48.467-05:00  INFO 26960 --- [sistemaedu] [    Test worker] o.s.o.j.p.SpringPersistenceUnitInfo      : No LoadTimeWeaver setup: ignoring JPA class transformer
2024-09-25T20:22:48.515-05:00  INFO 26960 --- [sistemaedu] [    Test worker] com.zaxxer.hikari.HikariDataSource       : HikariPool-1 - Starting...
2024-09-25T20:22:48.807-05:00  INFO 26960 --- [sistemaedu] [    Test worker] com.zaxxer.hikari.pool.HikariPool        : HikariPool-1 - Added connection conn0: url=jdbc:h2:mem:testdb user=SA
2024-09-25T20:22:48.808-05:00  INFO 26960 --- [sistemaedu] [    Test worker] com.zaxxer.hikari.HikariDataSource       : HikariPool-1 - Start completed.
2024-09-25T20:22:48.842-05:00  WARN 26960 --- [sistemaedu] [    Test worker] org.hibernate.orm.deprecation            : HHH90000025: H2Dialect does not need to be specified explicitly using 'hibernate.dialect' (remove the property setting and it will be selected by default)
2024-09-25T20:22:49.912-05:00  INFO 26960 --- [sistemaedu] [    Test worker] o.h.e.t.j.p.i.JtaPlatformInitiator       : HHH000489: No JTA platform available (set 'hibernate.transaction.jta.platform' to enable JTA platform integration)
2024-09-25T20:22:49.954-05:00  INFO 26960 --- [sistemaedu] [    Test worker] j.LocalContainerEntityManagerFactoryBean : Initialized JPA EntityManagerFactory for persistence unit 'default'
2024-09-25T20:22:50.347-05:00  WARN 26960 --- [sistemaedu] [    Test worker] JpaBaseConfiguration$JpaWebConfiguration : spring.jpa.open-in-view is enabled by default. Therefore, database queries may be performed during view rendering. Explicitly configure spring.jpa.open-in-view to disable this warning
2024-09-25T20:22:50.697-05:00  INFO 26960 --- [sistemaedu] [    Test worker] o.s.b.w.embedded.tomcat.TomcatWebServer  : Tomcat started on port 52281 (http) with context path '/'
2024-09-25T20:22:50.703-05:00  INFO 26960 --- [sistemaedu] [    Test worker] c.e.s.i.ProfesorIntegrationTest          : Started ProfesorIntegrationTest in 4.674 seconds (process running for 6.391)
]]></system-out>
  <system-err><![CDATA[WARNING: A Java agent has been loaded dynamically (C:\Users\Arci\.gradle\caches\modules-2\files-2.1\net.bytebuddy\byte-buddy-agent\1.14.19\154da3a65b4f4a909d3e5bdec55d1b2b4cbb6ce1\byte-buddy-agent-1.14.19.jar)
WARNING: If a serviceability tool is in use, please run with -XX:+EnableDynamicAgentLoading to hide this warning
WARNING: If a serviceability tool is not in use, please run with -Djdk.instrument.traceUsage for more information
WARNING: Dynamic loading of agents will be disallowed by default in a future release
]]></system-err>
</testsuite>
