<?xml version="1.0" encoding="UTF-8"?>
<testsuite name="com.example.sistemaedu.integration.AsignaturaIntegrationTest" tests="4" skipped="0" failures="0" errors="0" timestamp="2024-09-29T03:23:24" hostname="MIGUELFEOPC" time="1.191">
  <properties/>
  <testcase name="When_eliminarAsignatura_Then_returnAsignaturaEliminada()" classname="com.example.sistemaedu.integration.AsignaturaIntegrationTest" time="0.834"/>
  <testcase name="When_obtenerAsignaturaPorId_Then_returnAsignatura()" classname="com.example.sistemaedu.integration.AsignaturaIntegrationTest" time="0.05"/>
  <testcase name="When_actualizarAsignatura_Then_returnAsignaturaActualizada()" classname="com.example.sistemaedu.integration.AsignaturaIntegrationTest" time="0.083"/>
  <testcase name="When_guardarAsignatura_Then_returnAsignaturaGuardada()" classname="com.example.sistemaedu.integration.AsignaturaIntegrationTest" time="0.219"/>
  <system-out><![CDATA[2024-09-28T22:23:22.256-05:00  INFO 18952 --- [sistemaedu] [    Test worker] t.c.s.AnnotationConfigContextLoaderUtils : Could not detect default configuration classes for test class [com.example.sistemaedu.integration.AsignaturaIntegrationTest]: AsignaturaIntegrationTest does not declare any static, non-private, non-final, nested classes annotated with @Configuration.
2024-09-28T22:23:22.280-05:00  INFO 18952 --- [sistemaedu] [    Test worker] .b.t.c.SpringBootTestContextBootstrapper : Found @SpringBootConfiguration com.example.sistemaedu.SistemaeduApplication for test class com.example.sistemaedu.integration.AsignaturaIntegrationTest

  .   ____          _            __ _ _
 /\\ / ___'_ __ _ _(_)_ __  __ _ \ \ \ \
( ( )\___ | '_ | '_| | '_ \/ _` | \ \ \ \
 \\/  ___)| |_)| | | | | || (_| |  ) ) ) )
  '  |____| .__|_| |_|_| |_\__, | / / / /
 =========|_|==============|___/=/_/_/_/

 :: Spring Boot ::                (v3.3.3)

2024-09-28T22:23:22.351-05:00  INFO 18952 --- [sistemaedu] [    Test worker] c.e.s.i.AsignaturaIntegrationTest        : Starting AsignaturaIntegrationTest using Java 17.0.11 with PID 18952 (started by mfeom in C:\Diseño de Software\SistEducacion\sistemaedu)
2024-09-28T22:23:22.351-05:00  INFO 18952 --- [sistemaedu] [    Test worker] c.e.s.i.AsignaturaIntegrationTest        : The following 1 profile is active: "test"
2024-09-28T22:23:22.759-05:00  INFO 18952 --- [sistemaedu] [    Test worker] .s.d.r.c.RepositoryConfigurationDelegate : Bootstrapping Spring Data JPA repositories in DEFAULT mode.
2024-09-28T22:23:22.788-05:00  INFO 18952 --- [sistemaedu] [    Test worker] .s.d.r.c.RepositoryConfigurationDelegate : Finished Spring Data repository scanning in 28 ms. Found 3 JPA repository interfaces.
2024-09-28T22:23:23.248-05:00  INFO 18952 --- [sistemaedu] [    Test worker] o.s.b.w.embedded.tomcat.TomcatWebServer  : Tomcat initialized with port 0 (http)
2024-09-28T22:23:23.274-05:00  INFO 18952 --- [sistemaedu] [    Test worker] o.apache.catalina.core.StandardService   : Starting service [Tomcat]
2024-09-28T22:23:23.275-05:00  INFO 18952 --- [sistemaedu] [    Test worker] o.apache.catalina.core.StandardEngine    : Starting Servlet engine: [Apache Tomcat/10.1.28]
2024-09-28T22:23:23.418-05:00  INFO 18952 --- [sistemaedu] [    Test worker] o.a.c.c.C.[Tomcat].[localhost].[/]       : Initializing Spring embedded WebApplicationContext
2024-09-28T22:23:23.419-05:00  INFO 18952 --- [sistemaedu] [    Test worker] w.s.c.ServletWebServerApplicationContext : Root WebApplicationContext: initialization completed in 1061 ms
2024-09-28T22:23:23.582-05:00  INFO 18952 --- [sistemaedu] [    Test worker] o.hibernate.jpa.internal.util.LogHelper  : HHH000204: Processing PersistenceUnitInfo [name: default]
2024-09-28T22:23:23.587-05:00  INFO 18952 --- [sistemaedu] [    Test worker] o.h.c.internal.RegionFactoryInitiator    : HHH000026: Second-level cache disabled
2024-09-28T22:23:23.613-05:00  INFO 18952 --- [sistemaedu] [    Test worker] o.s.o.j.p.SpringPersistenceUnitInfo      : No LoadTimeWeaver setup: ignoring JPA class transformer
2024-09-28T22:23:23.616-05:00  INFO 18952 --- [sistemaedu] [    Test worker] com.zaxxer.hikari.HikariDataSource       : HikariPool-2 - Starting...
2024-09-28T22:23:24.229-05:00  INFO 18952 --- [sistemaedu] [    Test worker] com.zaxxer.hikari.pool.HikariPool        : HikariPool-2 - Added connection conn0: url=jdbc:h2:mem:testdb user=SA
2024-09-28T22:23:24.230-05:00  INFO 18952 --- [sistemaedu] [    Test worker] com.zaxxer.hikari.HikariDataSource       : HikariPool-2 - Start completed.
2024-09-28T22:23:24.251-05:00  WARN 18952 --- [sistemaedu] [    Test worker] org.hibernate.orm.deprecation            : HHH90000025: H2Dialect does not need to be specified explicitly using 'hibernate.dialect' (remove the property setting and it will be selected by default)
2024-09-28T22:23:24.459-05:00  INFO 18952 --- [sistemaedu] [    Test worker] o.h.e.t.j.p.i.JtaPlatformInitiator       : HHH000489: No JTA platform available (set 'hibernate.transaction.jta.platform' to enable JTA platform integration)
2024-09-28T22:23:24.529-05:00  INFO 18952 --- [sistemaedu] [    Test worker] j.LocalContainerEntityManagerFactoryBean : Initialized JPA EntityManagerFactory for persistence unit 'default'
2024-09-28T22:23:24.613-05:00  WARN 18952 --- [sistemaedu] [    Test worker] JpaBaseConfiguration$JpaWebConfiguration : spring.jpa.open-in-view is enabled by default. Therefore, database queries may be performed during view rendering. Explicitly configure spring.jpa.open-in-view to disable this warning
2024-09-28T22:23:24.845-05:00  INFO 18952 --- [sistemaedu] [    Test worker] o.s.b.w.embedded.tomcat.TomcatWebServer  : Tomcat started on port 57916 (http) with context path '/'
2024-09-28T22:23:24.850-05:00  INFO 18952 --- [sistemaedu] [    Test worker] c.e.s.i.AsignaturaIntegrationTest        : Started AsignaturaIntegrationTest in 2.566 seconds (process running for 16.896)
2024-09-28T22:23:25.189-05:00  INFO 18952 --- [sistemaedu] [o-auto-1-exec-1] o.a.c.c.C.[Tomcat].[localhost].[/]       : Initializing Spring DispatcherServlet 'dispatcherServlet'
2024-09-28T22:23:25.189-05:00  INFO 18952 --- [sistemaedu] [o-auto-1-exec-1] o.s.web.servlet.DispatcherServlet        : Initializing Servlet 'dispatcherServlet'
2024-09-28T22:23:25.191-05:00  INFO 18952 --- [sistemaedu] [o-auto-1-exec-1] o.s.web.servlet.DispatcherServlet        : Completed initialization in 2 ms
]]></system-out>
  <system-err><![CDATA[]]></system-err>
</testsuite>
