<?xml version="1.0" encoding="UTF-8"?>
<testsuite name="com.example.sistemaedu.integration.AsignaturaIntegrationTest" tests="4" skipped="0" failures="0" errors="0" timestamp="2024-11-19T02:59:00" hostname="MIGUELFEOPC" time="1.099">
  <properties/>
  <testcase name="When_eliminarAsignatura_Then_returnAsignaturaEliminada()" classname="com.example.sistemaedu.integration.AsignaturaIntegrationTest" time="0.802"/>
  <testcase name="When_obtenerAsignaturaPorId_Then_returnAsignatura()" classname="com.example.sistemaedu.integration.AsignaturaIntegrationTest" time="0.041"/>
  <testcase name="When_actualizarAsignatura_Then_returnAsignaturaActualizada()" classname="com.example.sistemaedu.integration.AsignaturaIntegrationTest" time="0.053"/>
  <testcase name="When_guardarAsignatura_Then_returnAsignaturaGuardada()" classname="com.example.sistemaedu.integration.AsignaturaIntegrationTest" time="0.199"/>
  <system-out><![CDATA[2024-11-18T21:58:58.646-05:00  INFO 21148 --- [sistemaedu] [    Test worker] t.c.s.AnnotationConfigContextLoaderUtils : Could not detect default configuration classes for test class [com.example.sistemaedu.integration.AsignaturaIntegrationTest]: AsignaturaIntegrationTest does not declare any static, non-private, non-final, nested classes annotated with @Configuration.
2024-11-18T21:58:58.659-05:00  INFO 21148 --- [sistemaedu] [    Test worker] .b.t.c.SpringBootTestContextBootstrapper : Found @SpringBootConfiguration com.example.sistemaedu.SistemaeduApplication for test class com.example.sistemaedu.integration.AsignaturaIntegrationTest

  .   ____          _            __ _ _
 /\\ / ___'_ __ _ _(_)_ __  __ _ \ \ \ \
( ( )\___ | '_ | '_| | '_ \/ _` | \ \ \ \
 \\/  ___)| |_)| | | | | || (_| |  ) ) ) )
  '  |____| .__|_| |_|_| |_\__, | / / / /
 =========|_|==============|___/=/_/_/_/

 :: Spring Boot ::                (v3.3.3)

2024-11-18T21:58:58.713-05:00  INFO 21148 --- [sistemaedu] [    Test worker] c.e.s.i.AsignaturaIntegrationTest        : Starting AsignaturaIntegrationTest using Java 17.0.11 with PID 21148 (started by mfeom in C:\Diseño de Software\SistEducacion\sistemaedu)
2024-11-18T21:58:58.713-05:00  INFO 21148 --- [sistemaedu] [    Test worker] c.e.s.i.AsignaturaIntegrationTest        : The following 1 profile is active: "test"
2024-11-18T21:58:59.167-05:00  INFO 21148 --- [sistemaedu] [    Test worker] .s.d.r.c.RepositoryConfigurationDelegate : Bootstrapping Spring Data JPA repositories in DEFAULT mode.
2024-11-18T21:58:59.188-05:00  INFO 21148 --- [sistemaedu] [    Test worker] .s.d.r.c.RepositoryConfigurationDelegate : Finished Spring Data repository scanning in 19 ms. Found 3 JPA repository interfaces.
2024-11-18T21:58:59.552-05:00  INFO 21148 --- [sistemaedu] [    Test worker] o.s.b.w.embedded.tomcat.TomcatWebServer  : Tomcat initialized with port 0 (http)
2024-11-18T21:58:59.576-05:00  INFO 21148 --- [sistemaedu] [    Test worker] o.apache.catalina.core.StandardService   : Starting service [Tomcat]
2024-11-18T21:58:59.577-05:00  INFO 21148 --- [sistemaedu] [    Test worker] o.apache.catalina.core.StandardEngine    : Starting Servlet engine: [Apache Tomcat/10.1.28]
2024-11-18T21:58:59.725-05:00  INFO 21148 --- [sistemaedu] [    Test worker] o.a.c.c.C.[Tomcat].[localhost].[/]       : Initializing Spring embedded WebApplicationContext
2024-11-18T21:58:59.728-05:00  INFO 21148 --- [sistemaedu] [    Test worker] w.s.c.ServletWebServerApplicationContext : Root WebApplicationContext: initialization completed in 1010 ms
2024-11-18T21:58:59.913-05:00  INFO 21148 --- [sistemaedu] [    Test worker] o.hibernate.jpa.internal.util.LogHelper  : HHH000204: Processing PersistenceUnitInfo [name: default]
2024-11-18T21:58:59.918-05:00  INFO 21148 --- [sistemaedu] [    Test worker] o.h.c.internal.RegionFactoryInitiator    : HHH000026: Second-level cache disabled
2024-11-18T21:58:59.933-05:00  INFO 21148 --- [sistemaedu] [    Test worker] o.s.o.j.p.SpringPersistenceUnitInfo      : No LoadTimeWeaver setup: ignoring JPA class transformer
2024-11-18T21:58:59.934-05:00  INFO 21148 --- [sistemaedu] [    Test worker] com.zaxxer.hikari.HikariDataSource       : HikariPool-2 - Starting...
2024-11-18T21:59:00.438-05:00  INFO 21148 --- [sistemaedu] [    Test worker] com.zaxxer.hikari.pool.HikariPool        : HikariPool-2 - Added connection conn0: url=jdbc:h2:mem:testdb user=SA
2024-11-18T21:59:00.444-05:00  INFO 21148 --- [sistemaedu] [    Test worker] com.zaxxer.hikari.HikariDataSource       : HikariPool-2 - Start completed.
2024-11-18T21:59:00.471-05:00  WARN 21148 --- [sistemaedu] [    Test worker] org.hibernate.orm.deprecation            : HHH90000025: H2Dialect does not need to be specified explicitly using 'hibernate.dialect' (remove the property setting and it will be selected by default)
2024-11-18T21:59:00.629-05:00  INFO 21148 --- [sistemaedu] [    Test worker] o.h.e.t.j.p.i.JtaPlatformInitiator       : HHH000489: No JTA platform available (set 'hibernate.transaction.jta.platform' to enable JTA platform integration)
2024-11-18T21:59:00.702-05:00  INFO 21148 --- [sistemaedu] [    Test worker] j.LocalContainerEntityManagerFactoryBean : Initialized JPA EntityManagerFactory for persistence unit 'default'
2024-11-18T21:59:00.779-05:00  WARN 21148 --- [sistemaedu] [    Test worker] JpaBaseConfiguration$JpaWebConfiguration : spring.jpa.open-in-view is enabled by default. Therefore, database queries may be performed during view rendering. Explicitly configure spring.jpa.open-in-view to disable this warning
2024-11-18T21:59:00.950-05:00  INFO 21148 --- [sistemaedu] [    Test worker] o.s.b.w.embedded.tomcat.TomcatWebServer  : Tomcat started on port 49878 (http) with context path '/'
2024-11-18T21:59:00.956-05:00  INFO 21148 --- [sistemaedu] [    Test worker] c.e.s.i.AsignaturaIntegrationTest        : Started AsignaturaIntegrationTest in 2.293 seconds (process running for 18.444)
2024-11-18T21:59:01.245-05:00  INFO 21148 --- [sistemaedu] [o-auto-1-exec-1] o.a.c.c.C.[Tomcat].[localhost].[/]       : Initializing Spring DispatcherServlet 'dispatcherServlet'
2024-11-18T21:59:01.246-05:00  INFO 21148 --- [sistemaedu] [o-auto-1-exec-1] o.s.web.servlet.DispatcherServlet        : Initializing Servlet 'dispatcherServlet'
2024-11-18T21:59:01.248-05:00  INFO 21148 --- [sistemaedu] [o-auto-1-exec-1] o.s.web.servlet.DispatcherServlet        : Completed initialization in 2 ms
]]></system-out>
  <system-err><![CDATA[]]></system-err>
</testsuite>
