<?xml version="1.0" encoding="UTF-8"?>
<testsuite name="com.example.sistemaedu.logica.EstudianteServiceTest" tests="16" skipped="0" failures="0" errors="0" timestamp="2024-09-25T20:28:05" hostname="MIGUELFEOPC" time="3.468">
  <properties/>
  <testcase name="Given_promedioInvalidoMenorA0_When_actualizarEstudiante_Then_throwIllegalArgumentException()" classname="com.example.sistemaedu.logica.EstudianteServiceTest" time="3.277"/>
  <testcase name="Given_promedioInvalidoMayorA5_When_guardarEstudiante_Then_throwIllegalArgumentException()" classname="com.example.sistemaedu.logica.EstudianteServiceTest" time="0.004"/>
  <testcase name="Given_promedioInvalidoMayorA5_When_actualizarEstudiante_Then_throwIllegalArgumentException()" classname="com.example.sistemaedu.logica.EstudianteServiceTest" time="0.004"/>
  <testcase name="Given_semestreInvalidoMayorA14_When_guardarEstudiante_Then_throwIllegalArgumentException()" classname="com.example.sistemaedu.logica.EstudianteServiceTest" time="0.005"/>
  <testcase name="Given_emailExistente_When_guardarEstudiante_Then_throwIllegalArgumentException()" classname="com.example.sistemaedu.logica.EstudianteServiceTest" time="0.079"/>
  <testcase name="Given_promedioInvalidoMenorA0_When_guardarEstudiante_Then_throwIllegalArgumentException()" classname="com.example.sistemaedu.logica.EstudianteServiceTest" time="0.007"/>
  <testcase name="Given_emailExistente_When_actualizarEstudiante_Then_throwIllegalArgumentException()" classname="com.example.sistemaedu.logica.EstudianteServiceTest" time="0.008"/>
  <testcase name="Given_edadInvalidoMayorA100_When_guardarEstudiante_Then_throwIllegalArgumentException()" classname="com.example.sistemaedu.logica.EstudianteServiceTest" time="0.004"/>
  <testcase name="Given_semestreInvalidoMenorA0_When_actualizarEstudiante_Then_throwIllegalArgumentException()" classname="com.example.sistemaedu.logica.EstudianteServiceTest" time="0.005"/>
  <testcase name="Given_semestreInvalidoMayorA14_When_actualizarEstudiante_Then_throwIllegalArgumentException()" classname="com.example.sistemaedu.logica.EstudianteServiceTest" time="0.005"/>
  <testcase name="Given_edadInvalidoMenorA0_When_actualizarEstudiante_Then_throwIllegalArgumentException()" classname="com.example.sistemaedu.logica.EstudianteServiceTest" time="0.005"/>
  <testcase name="Given_semestreInvalidoMenorA0_When_guardarEstudiante_Then_throwIllegalArgumentException()" classname="com.example.sistemaedu.logica.EstudianteServiceTest" time="0.004"/>
  <testcase name="Given_edadInvalidoMayorA100_When_actualizarEstudiante_Then_throwIllegalArgumentException()" classname="com.example.sistemaedu.logica.EstudianteServiceTest" time="0.004"/>
  <testcase name="When_actualizarEstudiante_Then_returnTrue()" classname="com.example.sistemaedu.logica.EstudianteServiceTest" time="0.028"/>
  <testcase name="When_guardarEstudiante_Then_returnTrue()" classname="com.example.sistemaedu.logica.EstudianteServiceTest" time="0.003"/>
  <testcase name="Given_edadInvalidoMenorA0_When_guardarEstudiante_Then_throwIllegalArgumentException()" classname="com.example.sistemaedu.logica.EstudianteServiceTest" time="0.003"/>
  <system-out><![CDATA[]]></system-out>
  <system-err><![CDATA[WARNING: A Java agent has been loaded dynamically (C:\Users\mfeom\.gradle\caches\modules-2\files-2.1\net.bytebuddy\byte-buddy-agent\1.14.19\154da3a65b4f4a909d3e5bdec55d1b2b4cbb6ce1\byte-buddy-agent-1.14.19.jar)
WARNING: If a serviceability tool is in use, please run with -XX:+EnableDynamicAgentLoading to hide this warning
WARNING: If a serviceability tool is not in use, please run with -Djdk.instrument.traceUsage for more information
WARNING: Dynamic loading of agents will be disallowed by default in a future release
]]></system-err>
</testsuite>
