<?xml version="1.0" encoding="UTF-8"?>
<testsuite name="com.example.sistemaedu.logica.ProfesorServiceTest" tests="8" skipped="0" failures="0" errors="0" timestamp="2024-11-19T02:59:03" hostname="MIGUELFEOPC" time="0.194">
  <properties/>
  <testcase name="When_guardarProfesor_Then_returnTrue()" classname="com.example.sistemaedu.logica.ProfesorServiceTest" time="0.154"/>
  <testcase name="Given_edadInvalidoMayorA100_When_actualizarProfesor_Then_throwIllegalArgumentException()" classname="com.example.sistemaedu.logica.ProfesorServiceTest" time="0.007"/>
  <testcase name="Given_edadInvalidaMenorA0_When_guardarProfesor_Then_throwIllegalArgumentException()" classname="com.example.sistemaedu.logica.ProfesorServiceTest" time="0.004"/>
  <testcase name="Given_emailExiste_When_guardarProfesor_Then_throwIllegalArgumentException()" classname="com.example.sistemaedu.logica.ProfesorServiceTest" time="0.004"/>
  <testcase name="Given_emailExiste_When_actualizarProfesor_Then_throwIllegalArgumentException()" classname="com.example.sistemaedu.logica.ProfesorServiceTest" time="0.004"/>
  <testcase name="When_actualizarProfesor_Then_returnTrue()" classname="com.example.sistemaedu.logica.ProfesorServiceTest" time="0.004"/>
  <testcase name="Given_edadInvalidoMayorA100_When_guardarProfesor_Then_throwIllegalArgumentException()" classname="com.example.sistemaedu.logica.ProfesorServiceTest" time="0.003"/>
  <testcase name="Given_edadInvalidaMenorA0_When_actualizarProfesor_Then_throwIllegalArgumentException()" classname="com.example.sistemaedu.logica.ProfesorServiceTest" time="0.003"/>
  <system-out><![CDATA[]]></system-out>
  <system-err><![CDATA[]]></system-err>
</testsuite>
