<?xml version="1.0" encoding="UTF-8"?>
<testsuite name="com.example.sistemaedu.SistemaeduApplicationTests" tests="1" skipped="0" failures="0" errors="0" timestamp="2024-09-26T22:35:17" hostname="MIGUELFEOPC" time="0.005">
  <properties/>
  <testcase name="contextLoads()" classname="com.example.sistemaedu.SistemaeduApplicationTests" time="0.005"/>
  <system-out><![CDATA[2024-09-26T17:35:14.880-05:00  INFO 7756 --- [sistemaedu] [    Test worker] t.c.s.AnnotationConfigContextLoaderUtils : Could not detect default configuration classes for test class [com.example.sistemaedu.SistemaeduApplicationTests]: SistemaeduApplicationTests does not declare any static, non-private, non-final, nested classes annotated with @Configuration.
2024-09-26T17:35:14.888-05:00  INFO 7756 --- [sistemaedu] [    Test worker] .b.t.c.SpringBootTestContextBootstrapper : Found @SpringBootConfiguration com.example.sistemaedu.SistemaeduApplication for test class com.example.sistemaedu.SistemaeduApplicationTests

  .   ____          _            __ _ _
 /\\ / ___'_ __ _ _(_)_ __  __ _ \ \ \ \
( ( )\___ | '_ | '_| | '_ \/ _` | \ \ \ \
 \\/  ___)| |_)| | | | | || (_| |  ) ) ) )
  '  |____| .__|_| |_|_| |_\__, | / / / /
 =========|_|==============|___/=/_/_/_/

 :: Spring Boot ::                (v3.3.3)

2024-09-26T17:35:14.938-05:00  INFO 7756 --- [sistemaedu] [    Test worker] c.e.s.SistemaeduApplicationTests         : Starting SistemaeduApplicationTests using Java 21.0.1 with PID 7756 (started by mfeom in C:\Diseño de Software\SistEducacion\sistemaedu)
2024-09-26T17:35:14.939-05:00  INFO 7756 --- [sistemaedu] [    Test worker] c.e.s.SistemaeduApplicationTests         : No active profile set, falling back to 1 default profile: "default"
2024-09-26T17:35:15.204-05:00  INFO 7756 --- [sistemaedu] [    Test worker] .s.d.r.c.RepositoryConfigurationDelegate : Bootstrapping Spring Data JPA repositories in DEFAULT mode.
2024-09-26T17:35:15.221-05:00  INFO 7756 --- [sistemaedu] [    Test worker] .s.d.r.c.RepositoryConfigurationDelegate : Finished Spring Data repository scanning in 16 ms. Found 3 JPA repository interfaces.
2024-09-26T17:35:15.311-05:00  INFO 7756 --- [sistemaedu] [    Test worker] com.zaxxer.hikari.HikariDataSource       : HikariPool-2 - Starting...
2024-09-26T17:35:16.553-05:00  INFO 7756 --- [sistemaedu] [    Test worker] com.zaxxer.hikari.pool.HikariPool        : HikariPool-2 - Added connection com.mysql.cj.jdbc.ConnectionImpl@b78cb43
2024-09-26T17:35:16.553-05:00  INFO 7756 --- [sistemaedu] [    Test worker] com.zaxxer.hikari.HikariDataSource       : HikariPool-2 - Start completed.
2024-09-26T17:35:16.566-05:00  INFO 7756 --- [sistemaedu] [    Test worker] o.hibernate.jpa.internal.util.LogHelper  : HHH000204: Processing PersistenceUnitInfo [name: default]
2024-09-26T17:35:16.572-05:00  INFO 7756 --- [sistemaedu] [    Test worker] o.h.c.internal.RegionFactoryInitiator    : HHH000026: Second-level cache disabled
2024-09-26T17:35:16.587-05:00  INFO 7756 --- [sistemaedu] [    Test worker] o.s.o.j.p.SpringPersistenceUnitInfo      : No LoadTimeWeaver setup: ignoring JPA class transformer
2024-09-26T17:35:17.187-05:00  INFO 7756 --- [sistemaedu] [    Test worker] o.h.e.t.j.p.i.JtaPlatformInitiator       : HHH000489: No JTA platform available (set 'hibernate.transaction.jta.platform' to enable JTA platform integration)
2024-09-26T17:35:17.188-05:00  INFO 7756 --- [sistemaedu] [    Test worker] j.LocalContainerEntityManagerFactoryBean : Initialized JPA EntityManagerFactory for persistence unit 'default'
2024-09-26T17:35:17.290-05:00  WARN 7756 --- [sistemaedu] [    Test worker] JpaBaseConfiguration$JpaWebConfiguration : spring.jpa.open-in-view is enabled by default. Therefore, database queries may be performed during view rendering. Explicitly configure spring.jpa.open-in-view to disable this warning
2024-09-26T17:35:17.421-05:00  INFO 7756 --- [sistemaedu] [    Test worker] c.e.s.SistemaeduApplicationTests         : Started SistemaeduApplicationTests in 2.523 seconds (process running for 21.266)
]]></system-out>
  <system-err><![CDATA[]]></system-err>
</testsuite>
