<?xml version="1.0" encoding="UTF-8"?>
<testsuite name="com.example.sistemaedu.SistemaeduApplicationTests" tests="1" skipped="0" failures="0" errors="0" timestamp="2024-09-26T02:39:45" hostname="MIGUELFEOPC" time="0.543">
  <properties/>
  <testcase name="contextLoads()" classname="com.example.sistemaedu.SistemaeduApplicationTests" time="0.543"/>
  <system-out><![CDATA[21:39:38.232 [Test worker] INFO org.springframework.test.context.support.AnnotationConfigContextLoaderUtils -- Could not detect default configuration classes for test class [com.example.sistemaedu.SistemaeduApplicationTests]: SistemaeduApplicationTests does not declare any static, non-private, non-final, nested classes annotated with @Configuration.
21:39:38.402 [Test worker] INFO org.springframework.boot.test.context.SpringBootTestContextBootstrapper -- Found @SpringBootConfiguration com.example.sistemaedu.SistemaeduApplication for test class com.example.sistemaedu.SistemaeduApplicationTests

  .   ____          _            __ _ _
 /\\ / ___'_ __ _ _(_)_ __  __ _ \ \ \ \
( ( )\___ | '_ | '_| | '_ \/ _` | \ \ \ \
 \\/  ___)| |_)| | | | | || (_| |  ) ) ) )
  '  |____| .__|_| |_|_| |_\__, | / / / /
 =========|_|==============|___/=/_/_/_/

 :: Spring Boot ::                (v3.3.3)

2024-09-25T21:39:39.066-05:00  INFO 24524 --- [sistemaedu] [    Test worker] c.e.s.SistemaeduApplicationTests         : Starting SistemaeduApplicationTests using Java 21.0.1 with PID 24524 (started by mfeom in C:\Diseño de Software\SistEducacion\sistemaedu)
2024-09-25T21:39:39.068-05:00  INFO 24524 --- [sistemaedu] [    Test worker] c.e.s.SistemaeduApplicationTests         : No active profile set, falling back to 1 default profile: "default"
2024-09-25T21:39:40.157-05:00  INFO 24524 --- [sistemaedu] [    Test worker] .s.d.r.c.RepositoryConfigurationDelegate : Bootstrapping Spring Data JPA repositories in DEFAULT mode.
2024-09-25T21:39:40.246-05:00  INFO 24524 --- [sistemaedu] [    Test worker] .s.d.r.c.RepositoryConfigurationDelegate : Finished Spring Data repository scanning in 76 ms. Found 3 JPA repository interfaces.
2024-09-25T21:39:40.880-05:00  INFO 24524 --- [sistemaedu] [    Test worker] com.zaxxer.hikari.HikariDataSource       : HikariPool-1 - Starting...
2024-09-25T21:39:41.913-05:00  INFO 24524 --- [sistemaedu] [    Test worker] com.zaxxer.hikari.pool.HikariPool        : HikariPool-1 - Added connection com.mysql.cj.jdbc.ConnectionImpl@181cafd
2024-09-25T21:39:41.916-05:00  INFO 24524 --- [sistemaedu] [    Test worker] com.zaxxer.hikari.HikariDataSource       : HikariPool-1 - Start completed.
2024-09-25T21:39:41.996-05:00  INFO 24524 --- [sistemaedu] [    Test worker] o.hibernate.jpa.internal.util.LogHelper  : HHH000204: Processing PersistenceUnitInfo [name: default]
2024-09-25T21:39:42.115-05:00  INFO 24524 --- [sistemaedu] [    Test worker] org.hibernate.Version                    : HHH000412: Hibernate ORM core version 6.5.2.Final
2024-09-25T21:39:42.182-05:00  INFO 24524 --- [sistemaedu] [    Test worker] o.h.c.internal.RegionFactoryInitiator    : HHH000026: Second-level cache disabled
2024-09-25T21:39:42.878-05:00  INFO 24524 --- [sistemaedu] [    Test worker] o.s.o.j.p.SpringPersistenceUnitInfo      : No LoadTimeWeaver setup: ignoring JPA class transformer
2024-09-25T21:39:44.765-05:00  INFO 24524 --- [sistemaedu] [    Test worker] o.h.e.t.j.p.i.JtaPlatformInitiator       : HHH000489: No JTA platform available (set 'hibernate.transaction.jta.platform' to enable JTA platform integration)
2024-09-25T21:39:44.768-05:00  INFO 24524 --- [sistemaedu] [    Test worker] j.LocalContainerEntityManagerFactoryBean : Initialized JPA EntityManagerFactory for persistence unit 'default'
2024-09-25T21:39:45.411-05:00  WARN 24524 --- [sistemaedu] [    Test worker] JpaBaseConfiguration$JpaWebConfiguration : spring.jpa.open-in-view is enabled by default. Therefore, database queries may be performed during view rendering. Explicitly configure spring.jpa.open-in-view to disable this warning
2024-09-25T21:39:45.943-05:00  INFO 24524 --- [sistemaedu] [    Test worker] c.e.s.SistemaeduApplicationTests         : Started SistemaeduApplicationTests in 7.251 seconds (process running for 9.123)
]]></system-out>
  <system-err><![CDATA[WARNING: A Java agent has been loaded dynamically (C:\Users\mfeom\.gradle\caches\modules-2\files-2.1\net.bytebuddy\byte-buddy-agent\1.14.19\154da3a65b4f4a909d3e5bdec55d1b2b4cbb6ce1\byte-buddy-agent-1.14.19.jar)
WARNING: If a serviceability tool is in use, please run with -XX:+EnableDynamicAgentLoading to hide this warning
WARNING: If a serviceability tool is not in use, please run with -Djdk.instrument.traceUsage for more information
WARNING: Dynamic loading of agents will be disallowed by default in a future release
]]></system-err>
</testsuite>
